<?xml version="1.0" encoding="UTF-8"?>
<!-- Generated by org.testng.reporters.JUnitReportReporter -->
<testsuite skipped="0" hostname="DESKTOP-OFC8VFN" name="Selenium4.Selenium4.WithEnum" tests="2" failures="0" timestamp="2020-05-02T00:20:25 IST" time="28.498" errors="0">
  <testcase name="googleTestChrome" time="13.837" classname="Selenium4.Selenium4.WithEnum"/>
  <testcase name="googleTestFirefox" time="14.661" classname="Selenium4.Selenium4.WithEnum"/>
</testsuite> <!-- Selenium4.Selenium4.WithEnum -->
