<?xml version="1.0" encoding="UTF-8"?>
<!-- Generated by org.testng.reporters.JUnitReportReporter -->
<testsuite skipped="0" hostname="DESKTOP-OFC8VFN" name="Selenium4.Selenium4.HeadLessBrowser" tests="1" failures="0" timestamp="2020-04-08T19:43:36 IST" time="7.641" errors="0">
  <testcase name="headlessTestingChrome" time="7.641" classname="Selenium4.Selenium4.HeadLessBrowser"/>
</testsuite> <!-- Selenium4.Selenium4.HeadLessBrowser -->
